Arguments: 
  /usr/bin/node /usr/bin/yarn test:coverage

PATH: 
  /home/joao/.local/bin:/usr/local/sbin:/usr/local/bin:/usr/sbin:/usr/bin:/sbin:/bin:/usr/games:/usr/local/games:/snap/bin

Yarn version: 
  1.22.10

Node version: 
  14.15.4

Platform: 
  linux x64

Trace: 
  SyntaxError: /home/joao/Imagens/node-SOLID-CRUD/package.json: Unexpected token } in JSON at position 282
      at JSON.parse (<anonymous>)
      at /usr/lib/node_modules/yarn/lib/cli.js:1625:59
      at Generator.next (<anonymous>)
      at step (/usr/lib/node_modules/yarn/lib/cli.js:310:30)
      at /usr/lib/node_modules/yarn/lib/cli.js:321:13

npm manifest: 
  {
    "name": "solid-crud",
    "version": "1.0.0",
    "description": "",
    "main": "index.js",
    "scripts": {
      "test": "jest",
      "start": "ts-node-dev --transpile-only --respawn --ignore-watch node_modules src/server.ts",
      "test:coverage": "jest --coverage --watchAll=false",
    },
    "author": "João Vitor Muniz Lopes <joaovitormunizlopes.com> (https://github.com/joaovitor32)",
    "license": "ISC",
    "dependencies": {
      "@babel/core": "^7.12.13",
      "@babel/preset-env": "^7.12.13",
      "@babel/preset-typescript": "^7.12.13",
      "@types/jest": "^26.0.20",
      "@types/nodemailer": "^6.4.0",
      "babel-jest": "^26.6.3",
      "express": "^4.17.1",
      "nodemailer": "^6.4.17",
      "uuidv4": "^6.2.6"
    },
    "devDependencies": {
      "@types/express": "^4.17.11",
      "jest": "^26.6.3",
      "ts-node-dev": "^1.1.1",
      "typescript": "^4.1.3"
    }
  }

yarn manifest: 
  No manifest

Lockfile: 
  No lockfile
